[Tue May 27 07:56:32.028349 2025] [mpm_prefork:notice] [pid 1:tid 1] AH00163: Apache/2.4.62 (Debian) PHP/8.4.7 configured -- resuming normal operations
[Tue May 27 07:56:32.028766 2025] [core:notice] [pid 1:tid 1] AH00094: Command line: 'apache2 -D FOREGROUND'
[Tue May 27 08:13:45.787062 2025] [mpm_prefork:notice] [pid 1:tid 1] AH00170: caught SIGWINCH, shutting down gracefully
[Fri May 30 19:06:17.014138 2025] [watchdog:debug] [pid 1:tid 1] mod_watchdog.c(445): AH010033: Watchdog: Running with WatchdogInterval 1000ms
[Fri May 30 19:06:17.014526 2025] [watchdog:debug] [pid 1:tid 1] mod_watchdog.c(454): AH02974: Watchdog: found parent providers.
[Fri May 30 19:06:17.014557 2025] [watchdog:debug] [pid 1:tid 1] mod_watchdog.c(500): AH02977: Watchdog: found child providers.
[Fri May 30 19:06:17.014583 2025] [watchdog:debug] [pid 1:tid 1] mod_watchdog.c(508): AH02978: Watchdog: Looking for child (_singleton_).
[Fri May 30 19:06:17.014606 2025] [watchdog:debug] [pid 1:tid 1] mod_watchdog.c(508): AH02978: Watchdog: Looking for child (_default_).
[Fri May 30 19:06:17.020669 2025] [watchdog:debug] [pid 543:tid 543] mod_watchdog.c(559): AH02980: Watchdog: nothing configured?
[Fri May 30 19:06:17.020746 2025] [watchdog:debug] [pid 544:tid 544] mod_watchdog.c(559): AH02980: Watchdog: nothing configured?
[Fri May 30 19:06:17.020847 2025] [watchdog:debug] [pid 545:tid 545] mod_watchdog.c(559): AH02980: Watchdog: nothing configured?
[Fri May 30 19:06:17.020958 2025] [watchdog:debug] [pid 546:tid 546] mod_watchdog.c(559): AH02980: Watchdog: nothing configured?
[Fri May 30 19:06:17.020970 2025] [mpm_prefork:notice] [pid 1:tid 1] AH00163: Apache/2.4.62 (Debian) PHP/8.4.7 configured -- resuming normal operations
[Fri May 30 19:06:17.021185 2025] [mpm_prefork:info] [pid 1:tid 1] AH00164: Server built: 2024-10-04T15:21:08
[Fri May 30 19:06:17.021072 2025] [watchdog:debug] [pid 547:tid 547] mod_watchdog.c(559): AH02980: Watchdog: nothing configured?
[Fri May 30 19:06:17.021217 2025] [core:notice] [pid 1:tid 1] AH00094: Command line: 'apache2 -D FOREGROUND'
[Fri May 30 19:06:17.021288 2025] [core:debug] [pid 1:tid 1] log.c(1605): AH02639: Using SO_REUSEPORT: yes (1)
[Fri May 30 19:06:17.021312 2025] [mpm_prefork:debug] [pid 1:tid 1] prefork.c(970): AH00165: Accept mutex: none (default: pthread)
[Fri May 30 19:24:14.992153 2025] [authz_core:debug] [pid 543:tid 543] mod_authz_core.c(815): [client 192.168.65.1:18596] AH01626: authorization result of Require all granted: granted
[Fri May 30 19:24:14.993800 2025] [authz_core:debug] [pid 543:tid 543] mod_authz_core.c(815): [client 192.168.65.1:18596] AH01626: authorization result of <RequireAny>: granted
[Fri May 30 19:24:14.994860 2025] [authz_core:debug] [pid 543:tid 543] mod_authz_core.c(815): [client 192.168.65.1:18596] AH01626: authorization result of Require all granted: granted
[Fri May 30 19:24:14.995010 2025] [authz_core:debug] [pid 543:tid 543] mod_authz_core.c(815): [client 192.168.65.1:18596] AH01626: authorization result of <RequireAny>: granted
[Fri May 30 19:24:15.112470 2025] [authz_core:debug] [pid 543:tid 543] mod_authz_core.c(815): [client 192.168.65.1:18596] AH01626: authorization result of Require all granted: granted, referer: http://localhost:8080/
[Fri May 30 19:24:15.112531 2025] [authz_core:debug] [pid 543:tid 543] mod_authz_core.c(815): [client 192.168.65.1:18596] AH01626: authorization result of <RequireAny>: granted, referer: http://localhost:8080/
[Fri May 30 19:24:15.112625 2025] [core:info] [pid 543:tid 543] [client 192.168.65.1:18596] AH00128: File does not exist: /var/www/html/www/favicon.ico, referer: http://localhost:8080/
[Fri May 30 19:24:15.126636 2025] [watchdog:debug] [pid 566:tid 566] mod_watchdog.c(559): AH02980: Watchdog: nothing configured?
[Fri May 30 19:33:00.357864 2025] [core:info] [pid 1:tid 1] AH00096: removed PID file /var/run/apache2/apache2.pid (pid=1)
[Fri May 30 19:33:00.359900 2025] [mpm_prefork:notice] [pid 1:tid 1] AH00170: caught SIGWINCH, shutting down gracefully
[Fri May 30 19:33:16.223701 2025] [watchdog:debug] [pid 1:tid 1] mod_watchdog.c(445): AH010033: Watchdog: Running with WatchdogInterval 1000ms
[Fri May 30 19:33:16.225100 2025] [watchdog:debug] [pid 1:tid 1] mod_watchdog.c(454): AH02974: Watchdog: found parent providers.
[Fri May 30 19:33:16.225143 2025] [watchdog:debug] [pid 1:tid 1] mod_watchdog.c(500): AH02977: Watchdog: found child providers.
[Fri May 30 19:33:16.225187 2025] [watchdog:debug] [pid 1:tid 1] mod_watchdog.c(508): AH02978: Watchdog: Looking for child (_singleton_).
[Fri May 30 19:33:16.225221 2025] [watchdog:debug] [pid 1:tid 1] mod_watchdog.c(508): AH02978: Watchdog: Looking for child (_default_).
[Fri May 30 19:33:16.232285 2025] [watchdog:debug] [pid 544:tid 544] mod_watchdog.c(559): AH02980: Watchdog: nothing configured?
[Fri May 30 19:33:16.232429 2025] [watchdog:debug] [pid 545:tid 545] mod_watchdog.c(559): AH02980: Watchdog: nothing configured?
[Fri May 30 19:33:16.232590 2025] [watchdog:debug] [pid 546:tid 546] mod_watchdog.c(559): AH02980: Watchdog: nothing configured?
[Fri May 30 19:33:16.232739 2025] [watchdog:debug] [pid 547:tid 547] mod_watchdog.c(559): AH02980: Watchdog: nothing configured?
[Fri May 30 19:33:16.232788 2025] [mpm_prefork:notice] [pid 1:tid 1] AH00163: Apache/2.4.62 (Debian) PHP/8.4.7 configured -- resuming normal operations
[Fri May 30 19:33:16.233031 2025] [mpm_prefork:info] [pid 1:tid 1] AH00164: Server built: 2024-10-04T15:21:08
[Fri May 30 19:33:16.232881 2025] [watchdog:debug] [pid 548:tid 548] mod_watchdog.c(559): AH02980: Watchdog: nothing configured?
[Fri May 30 19:33:16.233067 2025] [core:notice] [pid 1:tid 1] AH00094: Command line: 'apache2 -D FOREGROUND'
[Fri May 30 19:33:16.233165 2025] [core:debug] [pid 1:tid 1] log.c(1605): AH02639: Using SO_REUSEPORT: yes (1)
[Fri May 30 19:33:16.233200 2025] [mpm_prefork:debug] [pid 1:tid 1] prefork.c(970): AH00165: Accept mutex: none (default: pthread)
[Fri May 30 19:34:55.562364 2025] [core:info] [pid 1:tid 1] AH00096: removed PID file /var/run/apache2/apache2.pid (pid=1)
[Fri May 30 19:34:55.564975 2025] [mpm_prefork:notice] [pid 1:tid 1] AH00170: caught SIGWINCH, shutting down gracefully
[Fri May 30 19:35:09.504722 2025] [watchdog:debug] [pid 1:tid 1] mod_watchdog.c(445): AH010033: Watchdog: Running with WatchdogInterval 1000ms
[Fri May 30 19:35:09.504816 2025] [watchdog:debug] [pid 1:tid 1] mod_watchdog.c(454): AH02974: Watchdog: found parent providers.
[Fri May 30 19:35:09.504862 2025] [watchdog:debug] [pid 1:tid 1] mod_watchdog.c(500): AH02977: Watchdog: found child providers.
[Fri May 30 19:35:09.504905 2025] [watchdog:debug] [pid 1:tid 1] mod_watchdog.c(508): AH02978: Watchdog: Looking for child (_default_).
[Fri May 30 19:35:09.504947 2025] [watchdog:debug] [pid 1:tid 1] mod_watchdog.c(508): AH02978: Watchdog: Looking for child (_singleton_).
[Fri May 30 19:35:09.514696 2025] [watchdog:debug] [pid 546:tid 546] mod_watchdog.c(559): AH02980: Watchdog: nothing configured?
[Fri May 30 19:35:09.514848 2025] [watchdog:debug] [pid 547:tid 547] mod_watchdog.c(559): AH02980: Watchdog: nothing configured?
[Fri May 30 19:35:09.515005 2025] [watchdog:debug] [pid 548:tid 548] mod_watchdog.c(559): AH02980: Watchdog: nothing configured?
[Fri May 30 19:35:09.515138 2025] [watchdog:debug] [pid 549:tid 549] mod_watchdog.c(559): AH02980: Watchdog: nothing configured?
[Fri May 30 19:35:09.515223 2025] [mpm_prefork:notice] [pid 1:tid 1] AH00163: Apache/2.4.62 (Debian) PHP/8.4.7 configured -- resuming normal operations
[Fri May 30 19:35:09.515416 2025] [mpm_prefork:info] [pid 1:tid 1] AH00164: Server built: 2024-10-04T15:21:08
[Fri May 30 19:35:09.515308 2025] [watchdog:debug] [pid 550:tid 550] mod_watchdog.c(559): AH02980: Watchdog: nothing configured?
[Fri May 30 19:35:09.515453 2025] [core:notice] [pid 1:tid 1] AH00094: Command line: 'apache2 -D FOREGROUND'
[Fri May 30 19:35:09.515558 2025] [core:debug] [pid 1:tid 1] log.c(1605): AH02639: Using SO_REUSEPORT: yes (1)
[Fri May 30 19:35:09.515592 2025] [mpm_prefork:debug] [pid 1:tid 1] prefork.c(970): AH00165: Accept mutex: none (default: pthread)
[Fri May 30 19:35:59.947926 2025] [core:info] [pid 1:tid 1] AH00096: removed PID file /var/run/apache2/apache2.pid (pid=1)
[Fri May 30 19:35:59.950122 2025] [mpm_prefork:notice] [pid 1:tid 1] AH00170: caught SIGWINCH, shutting down gracefully
[Fri May 30 19:36:21.180928 2025] [watchdog:debug] [pid 1:tid 1] mod_watchdog.c(445): AH010033: Watchdog: Running with WatchdogInterval 1000ms
[Fri May 30 19:36:21.181061 2025] [watchdog:debug] [pid 1:tid 1] mod_watchdog.c(454): AH02974: Watchdog: found parent providers.
[Fri May 30 19:36:21.181109 2025] [watchdog:debug] [pid 1:tid 1] mod_watchdog.c(500): AH02977: Watchdog: found child providers.
[Fri May 30 19:36:21.181143 2025] [watchdog:debug] [pid 1:tid 1] mod_watchdog.c(508): AH02978: Watchdog: Looking for child (_default_).
[Fri May 30 19:36:21.181196 2025] [watchdog:debug] [pid 1:tid 1] mod_watchdog.c(508): AH02978: Watchdog: Looking for child (_singleton_).
[Fri May 30 19:36:21.188439 2025] [watchdog:debug] [pid 544:tid 544] mod_watchdog.c(559): AH02980: Watchdog: nothing configured?
[Fri May 30 19:36:21.188578 2025] [watchdog:debug] [pid 545:tid 545] mod_watchdog.c(559): AH02980: Watchdog: nothing configured?
[Fri May 30 19:36:21.189033 2025] [watchdog:debug] [pid 548:tid 548] mod_watchdog.c(559): AH02980: Watchdog: nothing configured?
[Fri May 30 19:36:21.188720 2025] [watchdog:debug] [pid 546:tid 546] mod_watchdog.c(559): AH02980: Watchdog: nothing configured?
[Fri May 30 19:36:21.188871 2025] [watchdog:debug] [pid 547:tid 547] mod_watchdog.c(559): AH02980: Watchdog: nothing configured?
[Fri May 30 19:36:21.188936 2025] [mpm_prefork:notice] [pid 1:tid 1] AH00163: Apache/2.4.62 (Debian) PHP/8.4.7 configured -- resuming normal operations
[Fri May 30 19:36:21.189234 2025] [mpm_prefork:info] [pid 1:tid 1] AH00164: Server built: 2024-10-04T15:21:08
[Fri May 30 19:36:21.189257 2025] [core:notice] [pid 1:tid 1] AH00094: Command line: 'apache2 -D FOREGROUND'
[Fri May 30 19:36:21.189306 2025] [core:debug] [pid 1:tid 1] log.c(1605): AH02639: Using SO_REUSEPORT: yes (1)
[Fri May 30 19:36:21.189348 2025] [mpm_prefork:debug] [pid 1:tid 1] prefork.c(970): AH00165: Accept mutex: none (default: pthread)
[Fri May 30 20:01:37.320531 2025] [core:info] [pid 1:tid 1] AH00096: removed PID file /var/run/apache2/apache2.pid (pid=1)
[Fri May 30 20:01:37.324337 2025] [mpm_prefork:notice] [pid 1:tid 1] AH00170: caught SIGWINCH, shutting down gracefully
[Fri May 30 20:02:43.579088 2025] [watchdog:debug] [pid 1:tid 1] mod_watchdog.c(445): AH010033: Watchdog: Running with WatchdogInterval 1000ms
[Fri May 30 20:02:43.579170 2025] [watchdog:debug] [pid 1:tid 1] mod_watchdog.c(454): AH02974: Watchdog: found parent providers.
[Fri May 30 20:02:43.579221 2025] [watchdog:debug] [pid 1:tid 1] mod_watchdog.c(500): AH02977: Watchdog: found child providers.
[Fri May 30 20:02:43.579263 2025] [watchdog:debug] [pid 1:tid 1] mod_watchdog.c(508): AH02978: Watchdog: Looking for child (_singleton_).
[Fri May 30 20:02:43.579303 2025] [watchdog:debug] [pid 1:tid 1] mod_watchdog.c(508): AH02978: Watchdog: Looking for child (_default_).
[Fri May 30 20:02:43.580384 2025] [watchdog:debug] [pid 544:tid 544] mod_watchdog.c(559): AH02980: Watchdog: nothing configured?
[Fri May 30 20:02:43.580519 2025] [watchdog:debug] [pid 545:tid 545] mod_watchdog.c(559): AH02980: Watchdog: nothing configured?
[Fri May 30 20:02:43.580960 2025] [watchdog:debug] [pid 548:tid 548] mod_watchdog.c(559): AH02980: Watchdog: nothing configured?
[Fri May 30 20:02:43.580639 2025] [watchdog:debug] [pid 546:tid 546] mod_watchdog.c(559): AH02980: Watchdog: nothing configured?
[Fri May 30 20:02:43.580802 2025] [watchdog:debug] [pid 547:tid 547] mod_watchdog.c(559): AH02980: Watchdog: nothing configured?
[Fri May 30 20:02:43.580831 2025] [mpm_prefork:notice] [pid 1:tid 1] AH00163: Apache/2.4.62 (Debian) PHP/8.4.7 configured -- resuming normal operations
[Fri May 30 20:02:43.581154 2025] [mpm_prefork:info] [pid 1:tid 1] AH00164: Server built: 2024-10-04T15:21:08
[Fri May 30 20:02:43.581181 2025] [core:notice] [pid 1:tid 1] AH00094: Command line: 'apache2 -D FOREGROUND'
[Fri May 30 20:02:43.581213 2025] [core:debug] [pid 1:tid 1] log.c(1605): AH02639: Using SO_REUSEPORT: yes (1)
[Fri May 30 20:02:43.581275 2025] [mpm_prefork:debug] [pid 1:tid 1] prefork.c(970): AH00165: Accept mutex: none (default: pthread)
[Fri May 30 20:03:18.523633 2025] [core:info] [pid 1:tid 1] AH00096: removed PID file /var/run/apache2/apache2.pid (pid=1)
[Fri May 30 20:03:18.524132 2025] [mpm_prefork:notice] [pid 1:tid 1] AH00170: caught SIGWINCH, shutting down gracefully
[Fri May 30 20:03:56.851912 2025] [watchdog:debug] [pid 1:tid 1] mod_watchdog.c(445): AH010033: Watchdog: Running with WatchdogInterval 1000ms
[Fri May 30 20:03:56.851989 2025] [watchdog:debug] [pid 1:tid 1] mod_watchdog.c(454): AH02974: Watchdog: found parent providers.
[Fri May 30 20:03:56.852035 2025] [watchdog:debug] [pid 1:tid 1] mod_watchdog.c(500): AH02977: Watchdog: found child providers.
[Fri May 30 20:03:56.852071 2025] [watchdog:debug] [pid 1:tid 1] mod_watchdog.c(508): AH02978: Watchdog: Looking for child (_singleton_).
[Fri May 30 20:03:56.852099 2025] [watchdog:debug] [pid 1:tid 1] mod_watchdog.c(508): AH02978: Watchdog: Looking for child (_default_).
[Fri May 30 20:03:56.860517 2025] [watchdog:debug] [pid 544:tid 544] mod_watchdog.c(559): AH02980: Watchdog: nothing configured?
[Fri May 30 20:03:56.860690 2025] [watchdog:debug] [pid 545:tid 545] mod_watchdog.c(559): AH02980: Watchdog: nothing configured?
[Fri May 30 20:03:56.860847 2025] [watchdog:debug] [pid 546:tid 546] mod_watchdog.c(559): AH02980: Watchdog: nothing configured?
[Fri May 30 20:03:56.861100 2025] [watchdog:debug] [pid 547:tid 547] mod_watchdog.c(559): AH02980: Watchdog: nothing configured?
[Fri May 30 20:03:56.861245 2025] [mpm_prefork:notice] [pid 1:tid 1] AH00163: Apache/2.4.62 (Debian) PHP/8.4.7 configured -- resuming normal operations
[Fri May 30 20:03:56.861499 2025] [mpm_prefork:info] [pid 1:tid 1] AH00164: Server built: 2024-10-04T15:21:08
[Fri May 30 20:03:56.861352 2025] [watchdog:debug] [pid 548:tid 548] mod_watchdog.c(559): AH02980: Watchdog: nothing configured?
[Fri May 30 20:03:56.861526 2025] [core:notice] [pid 1:tid 1] AH00094: Command line: 'apache2 -D FOREGROUND'
[Fri May 30 20:03:56.861596 2025] [core:debug] [pid 1:tid 1] log.c(1605): AH02639: Using SO_REUSEPORT: yes (1)
[Fri May 30 20:03:56.861621 2025] [mpm_prefork:debug] [pid 1:tid 1] prefork.c(970): AH00165: Accept mutex: none (default: pthread)
[Fri May 30 20:15:21.227698 2025] [core:info] [pid 1:tid 1] AH00096: removed PID file /var/run/apache2/apache2.pid (pid=1)
[Fri May 30 20:15:21.229564 2025] [mpm_prefork:notice] [pid 1:tid 1] AH00170: caught SIGWINCH, shutting down gracefully
[Sun Jun 01 17:16:58.703878 2025] [watchdog:debug] [pid 1:tid 1] mod_watchdog.c(445): AH010033: Watchdog: Running with WatchdogInterval 1000ms
[Sun Jun 01 17:16:58.704114 2025] [watchdog:debug] [pid 1:tid 1] mod_watchdog.c(454): AH02974: Watchdog: found parent providers.
[Sun Jun 01 17:16:58.704135 2025] [watchdog:debug] [pid 1:tid 1] mod_watchdog.c(500): AH02977: Watchdog: found child providers.
[Sun Jun 01 17:16:58.704141 2025] [watchdog:debug] [pid 1:tid 1] mod_watchdog.c(508): AH02978: Watchdog: Looking for child (_singleton_).
[Sun Jun 01 17:16:58.704146 2025] [watchdog:debug] [pid 1:tid 1] mod_watchdog.c(508): AH02978: Watchdog: Looking for child (_default_).
[Sun Jun 01 17:16:58.706047 2025] [watchdog:debug] [pid 17:tid 17] mod_watchdog.c(559): AH02980: Watchdog: nothing configured?
[Sun Jun 01 17:16:58.706102 2025] [watchdog:debug] [pid 18:tid 18] mod_watchdog.c(559): AH02980: Watchdog: nothing configured?
[Sun Jun 01 17:16:58.706221 2025] [watchdog:debug] [pid 19:tid 19] mod_watchdog.c(559): AH02980: Watchdog: nothing configured?
[Sun Jun 01 17:16:58.706385 2025] [watchdog:debug] [pid 20:tid 20] mod_watchdog.c(559): AH02980: Watchdog: nothing configured?
[Sun Jun 01 17:16:58.706404 2025] [mpm_prefork:notice] [pid 1:tid 1] AH00163: Apache/2.4.62 (Debian) PHP/8.4.7 configured -- resuming normal operations
[Sun Jun 01 17:16:58.706417 2025] [mpm_prefork:info] [pid 1:tid 1] AH00164: Server built: 2024-10-04T15:21:08
[Sun Jun 01 17:16:58.706425 2025] [core:notice] [pid 1:tid 1] AH00094: Command line: 'apache2 -D FOREGROUND'
[Sun Jun 01 17:16:58.706453 2025] [core:debug] [pid 1:tid 1] log.c(1605): AH02639: Using SO_REUSEPORT: yes (1)
[Sun Jun 01 17:16:58.706461 2025] [mpm_prefork:debug] [pid 1:tid 1] prefork.c(970): AH00165: Accept mutex: none (default: pthread)
[Sun Jun 01 17:16:58.706510 2025] [watchdog:debug] [pid 21:tid 21] mod_watchdog.c(559): AH02980: Watchdog: nothing configured?
[Sun Jun 01 18:01:59.974910 2025] [core:info] [pid 1:tid 1] AH00096: removed PID file /var/run/apache2/apache2.pid (pid=1)
[Sun Jun 01 18:01:59.975013 2025] [mpm_prefork:notice] [pid 1:tid 1] AH00170: caught SIGWINCH, shutting down gracefully
